(---------------------------------------------------------------------)
(                                                                     )
(    Allegro Netrev Import Logic                                      )
(                                                                     )
(    Drawing          : PCB_ASSIGN2.brd                               )
(    Software Version : 17.2P019                                      )
(    Date/Time        : Wed Sep 23 16:19:59 2020                      )
(                                                                     )
(---------------------------------------------------------------------)


------ Directives ------------

Ripup etch:                  No
Ripup delete first segment:  No
Ripup retain bondwire:       No
Ripup symbols:               Always
Missing symbol has error:    No
DRC update:                  Yes
Schematic directory:         'C:\USERS\JBAYERT\DOCUMENTS\GITHUB\ECE424_PCBS\allegro'
Design Directory:            '.'
Old design name:             'C:/USERS/JBAYERT/DOCUMENTS/GITHUB/ECE424_PCBS/allegro/PCB_ASSIGN2.brd'
New design name:             'C:/USERS/JBAYERT/DOCUMENTS/GITHUB/ECE424_PCBS/allegro/PCB_ASSIGN2.brd'

CmdLine: netrev.exe -y 1 -n -i C:\USERS\JBAYERT\DOCUMENTS\GITHUB\ECE424_PCBS\allegro C:\USERS\JBAYERT\DOCUMENTS\GITHUB\ECE424_PCBS\allegro\PCB_ASSIGN2.brd C:\USERS\JBAYERT\DOCUMENTS\GITHUB\ECE424_PCBS\allegro\PCB_ASSIGN2.brd

------ Preparing to read pst files ------

Starting to read C:/USERS/JBAYERT/DOCUMENTS/GITHUB/ECE424_PCBS/allegro/pstchip.dat 
   Finished reading C:/USERS/JBAYERT/DOCUMENTS/GITHUB/ECE424_PCBS/allegro/pstchip.dat (00:00:00.02)
Starting to read C:/USERS/JBAYERT/DOCUMENTS/GITHUB/ECE424_PCBS/allegro/pstxprt.dat 
   Finished reading C:/USERS/JBAYERT/DOCUMENTS/GITHUB/ECE424_PCBS/allegro/pstxprt.dat (00:00:00.00)
Starting to read C:/USERS/JBAYERT/DOCUMENTS/GITHUB/ECE424_PCBS/allegro/pstxnet.dat 
   Finished reading C:/USERS/JBAYERT/DOCUMENTS/GITHUB/ECE424_PCBS/allegro/pstxnet.dat (00:00:00.00)

------ Oversights/Warnings/Errors ------


------ Library Paths ------
MODULEPATH =  . 
           C:/Cadence/SPB_17.2/share/local/pcb/modules 

PSMPATH =  . 
           symbols 
           .. 
           ../symbols 
           C:/Cadence/SPB_17.2/share/local/pcb/symbols 
           C:/Cadence/SPB_17.2/share/pcb/pcb_lib/symbols 
           C:/Cadence/SPB_17.2/share/pcb/allegrolib/symbols 

PADPATH =  . 
           symbols 
           .. 
           ../symbols 
           C:/Cadence/SPB_17.2/share/local/pcb/padstacks 
           C:/Cadence/SPB_17.2/share/pcb/pcb_lib/symbols 
           C:/Cadence/SPB_17.2/share/pcb/allegrolib/symbols 


------ Summary Statistics ------


netrev run on Sep 23 16:19:59 2020
   DESIGN NAME : 'PCB_ASSIGN2'
   PACKAGING ON Mar  2 2016 00:37:24

   COMPILE 'logic'
   CHECK_PIN_NAMES OFF
   CROSS_REFERENCE OFF
   FEEDBACK OFF
   INCREMENTAL OFF
   INTERFACE_TYPE PHYSICAL
   MAX_ERRORS 500
   MERGE_MINIMUM 5
   NET_NAME_CHARS '#%&()*+-./:=>?@[]^_`|'
   NET_NAME_LENGTH 24
   OVERSIGHTS ON
   REPLACE_CHECK OFF
   SINGLE_NODE_NETS ON
   SPLIT_MINIMUM 0
   SUPPRESS   20
   WARNINGS ON

 No error detected
 No oversight detected
 No warning detected

cpu time      0:00:23
elapsed time  0:00:00

